
*** Running vivado
    with args -log top_control_unit.vds -m64 -product Vivado -mode batch -messageDb vivado.pb -notrace -source top_control_unit.tcl



****** Vivado v2022.1 (64-bit)
  **** SW Build 3526262 on Mon Apr 18 15:48:16 MDT 2022
  **** IP Build 3524634 on Mon Apr 18 20:55:01 MDT 2022
    ** Copyright 1986-2022 Xilinx, Inc. All Rights Reserved.

source top_control_unit.tcl -notrace
Command: read_checkpoint -auto_incremental -incremental C:/Users/Kirollosfady/Downloads/dd1_Final_Project/dd1_Final_Project.srcs/utils_1/imports/synth_1/csa.dcp
INFO: [Vivado 12-5825] Read reference checkpoint from C:/Users/Kirollosfady/Downloads/dd1_Final_Project/dd1_Final_Project.srcs/utils_1/imports/synth_1/csa.dcp for incremental synthesis
INFO: [Vivado 12-7989] Please ensure there are no constraint changes
Command: synth_design -top top_control_unit -part xc7a35tcpg236-1
Starting synth_design
Attempting to get a license for feature 'Synthesis' and/or device 'xc7a35t'
INFO: [Common 17-349] Got license for feature 'Synthesis' and/or device 'xc7a35t'
INFO: [Device 21-403] Loading part xc7a35tcpg236-1
INFO: [Designutils 20-5440] No compile time benefit to using incremental synthesis; A full resynthesis will be run
INFO: [Designutils 20-4379] Flow is switching to default flow due to incremental criteria not met. If you would like to alter this behaviour and have the flow terminate instead, please set the following parameter config_implementation {autoIncr.Synth.RejectBehavior Terminate}
INFO: [Synth 8-7079] Multithreading enabled for synth_design using a maximum of 2 processes.
INFO: [Synth 8-7078] Launching helper process for spawning children vivado processes
INFO: [Synth 8-7075] Helper process launched with PID 8028
WARNING: [Synth 8-9971] redeclaration of ansi port 'count' is not allowed [C:/Users/Kirollosfady/Downloads/8-8_SPM/dd1_Final_Project/dd1_Final_Project.srcs/sources_1/new/top_control_unit.v:240]
---------------------------------------------------------------------------------
Starting RTL Elaboration : Time (s): cpu = 00:00:05 ; elapsed = 00:00:05 . Memory (MB): peak = 1286.750 ; gain = 0.000
---------------------------------------------------------------------------------
INFO: [Synth 8-6157] synthesizing module 'top_control_unit' [C:/Users/Kirollosfady/Downloads/8-8_SPM/dd1_Final_Project/dd1_Final_Project.srcs/sources_1/new/top_control_unit.v:23]
INFO: [Synth 8-6157] synthesizing module 'pushbutton_detector' [C:/Users/Kirollosfady/Downloads/8-8_SPM/dd1_Final_Project/dd1_Final_Project.srcs/sources_1/new/top_control_unit.v:144]
INFO: [Synth 8-6157] synthesizing module 'clockDivider' [C:/Users/Kirollosfady/Downloads/8-8_SPM/dd1_Final_Project/dd1_Final_Project.srcs/sources_1/new/top_control_unit.v:222]
	Parameter n bound to: 500000 - type: integer 
INFO: [Synth 8-6157] synthesizing module 'counter_x_bit' [C:/Users/Kirollosfady/Downloads/8-8_SPM/dd1_Final_Project/dd1_Final_Project.srcs/sources_1/new/top_control_unit.v:238]
	Parameter x bound to: 32 - type: integer 
	Parameter n bound to: 500000 - type: integer 
INFO: [Synth 8-6155] done synthesizing module 'counter_x_bit' (0#1) [C:/Users/Kirollosfady/Downloads/8-8_SPM/dd1_Final_Project/dd1_Final_Project.srcs/sources_1/new/top_control_unit.v:238]
INFO: [Synth 8-6155] done synthesizing module 'clockDivider' (0#1) [C:/Users/Kirollosfady/Downloads/8-8_SPM/dd1_Final_Project/dd1_Final_Project.srcs/sources_1/new/top_control_unit.v:222]
INFO: [Synth 8-6157] synthesizing module 'debouncer' [C:/Users/Kirollosfady/Downloads/8-8_SPM/dd1_Final_Project/dd1_Final_Project.srcs/sources_1/new/top_control_unit.v:197]
INFO: [Synth 8-6155] done synthesizing module 'debouncer' (0#1) [C:/Users/Kirollosfady/Downloads/8-8_SPM/dd1_Final_Project/dd1_Final_Project.srcs/sources_1/new/top_control_unit.v:197]
INFO: [Synth 8-6157] synthesizing module 'synchronizer' [C:/Users/Kirollosfady/Downloads/8-8_SPM/dd1_Final_Project/dd1_Final_Project.srcs/sources_1/new/top_control_unit.v:214]
INFO: [Synth 8-6155] done synthesizing module 'synchronizer' (0#1) [C:/Users/Kirollosfady/Downloads/8-8_SPM/dd1_Final_Project/dd1_Final_Project.srcs/sources_1/new/top_control_unit.v:214]
INFO: [Synth 8-6157] synthesizing module 'rising_edge' [C:/Users/Kirollosfady/Downloads/8-8_SPM/dd1_Final_Project/dd1_Final_Project.srcs/sources_1/new/top_control_unit.v:159]
INFO: [Synth 8-6155] done synthesizing module 'rising_edge' (0#1) [C:/Users/Kirollosfady/Downloads/8-8_SPM/dd1_Final_Project/dd1_Final_Project.srcs/sources_1/new/top_control_unit.v:159]
INFO: [Synth 8-6155] done synthesizing module 'pushbutton_detector' (0#1) [C:/Users/Kirollosfady/Downloads/8-8_SPM/dd1_Final_Project/dd1_Final_Project.srcs/sources_1/new/top_control_unit.v:144]
WARNING: [Synth 8-6104] Input port 'reset' has an internal driver [C:/Users/Kirollosfady/Downloads/8-8_SPM/dd1_Final_Project/dd1_Final_Project.srcs/sources_1/new/top_control_unit.v:62]
INFO: [Synth 8-6157] synthesizing module 'serial_parallel_multiplier' [C:/Users/Kirollosfady/Downloads/8-8_SPM/dd1_Final_Project/dd1_Final_Project.srcs/sources_1/new/serial_parallel_multiplier.v:47]
INFO: [Synth 8-6155] done synthesizing module 'serial_parallel_multiplier' (0#1) [C:/Users/Kirollosfady/Downloads/8-8_SPM/dd1_Final_Project/dd1_Final_Project.srcs/sources_1/new/serial_parallel_multiplier.v:47]
INFO: [Synth 8-6157] synthesizing module 'bin_to_bcd' [C:/Users/Kirollosfady/Downloads/8-8_SPM/dd1_Final_Project/dd1_Final_Project.srcs/sources_1/new/bin_to_bcd.v:23]
	Parameter W bound to: 16 - type: integer 
INFO: [Synth 8-6155] done synthesizing module 'bin_to_bcd' (0#1) [C:/Users/Kirollosfady/Downloads/8-8_SPM/dd1_Final_Project/dd1_Final_Project.srcs/sources_1/new/bin_to_bcd.v:23]
WARNING: [Synth 8-689] width (20) of port connection 'bcd' does not match port width (21) of module 'bin_to_bcd' [C:/Users/Kirollosfady/Downloads/8-8_SPM/dd1_Final_Project/dd1_Final_Project.srcs/sources_1/new/top_control_unit.v:85]
INFO: [Synth 8-6157] synthesizing module 'seven_seg_display' [C:/Users/Kirollosfady/Downloads/8-8_SPM/dd1_Final_Project/dd1_Final_Project.srcs/sources_1/new/seven_seg_display.v:22]
INFO: [Synth 8-6157] synthesizing module 'helper_bcd_to_7seg' [C:/Users/Kirollosfady/Downloads/8-8_SPM/dd1_Final_Project/dd1_Final_Project.srcs/sources_1/new/helper_bcd_to_7seg.v:23]
INFO: [Synth 8-6155] done synthesizing module 'helper_bcd_to_7seg' (0#1) [C:/Users/Kirollosfady/Downloads/8-8_SPM/dd1_Final_Project/dd1_Final_Project.srcs/sources_1/new/helper_bcd_to_7seg.v:23]
INFO: [Synth 8-6155] done synthesizing module 'seven_seg_display' (0#1) [C:/Users/Kirollosfady/Downloads/8-8_SPM/dd1_Final_Project/dd1_Final_Project.srcs/sources_1/new/seven_seg_display.v:22]
INFO: [Synth 8-6155] done synthesizing module 'top_control_unit' (0#1) [C:/Users/Kirollosfady/Downloads/8-8_SPM/dd1_Final_Project/dd1_Final_Project.srcs/sources_1/new/top_control_unit.v:23]
WARNING: [Synth 8-7137] Register s_reg in module serial_parallel_multiplier has both Set and reset with same priority. This may cause simulation mismatches. Consider rewriting code  [C:/Users/Kirollosfady/Downloads/8-8_SPM/dd1_Final_Project/dd1_Final_Project.srcs/sources_1/new/serial_parallel_multiplier.v:78]
WARNING: [Synth 8-3848] Net reset_pressed in module/entity top_control_unit does not have driver. [C:/Users/Kirollosfady/Downloads/8-8_SPM/dd1_Final_Project/dd1_Final_Project.srcs/sources_1/new/top_control_unit.v:37]
---------------------------------------------------------------------------------
Finished RTL Elaboration : Time (s): cpu = 00:00:06 ; elapsed = 00:00:07 . Memory (MB): peak = 1286.750 ; gain = 0.000
---------------------------------------------------------------------------------
---------------------------------------------------------------------------------
Start Handling Custom Attributes
---------------------------------------------------------------------------------
---------------------------------------------------------------------------------
Finished Handling Custom Attributes : Time (s): cpu = 00:00:07 ; elapsed = 00:00:07 . Memory (MB): peak = 1286.750 ; gain = 0.000
---------------------------------------------------------------------------------
---------------------------------------------------------------------------------
Finished RTL Optimization Phase 1 : Time (s): cpu = 00:00:07 ; elapsed = 00:00:07 . Memory (MB): peak = 1286.750 ; gain = 0.000
---------------------------------------------------------------------------------
Netlist sorting complete. Time (s): cpu = 00:00:00 ; elapsed = 00:00:00.009 . Memory (MB): peak = 1286.750 ; gain = 0.000
INFO: [Project 1-570] Preparing netlist for logic optimization

Processing XDC Constraints
Initializing timing engine
Parsing XDC File [C:/Users/Kirollosfady/Downloads/8-8_SPM/dd1_Final_Project/dd1_Final_Project.srcs/constrs_1/new/top.xdc]
Finished Parsing XDC File [C:/Users/Kirollosfady/Downloads/8-8_SPM/dd1_Final_Project/dd1_Final_Project.srcs/constrs_1/new/top.xdc]
INFO: [Project 1-236] Implementation specific constraints were found while reading constraint file [C:/Users/Kirollosfady/Downloads/8-8_SPM/dd1_Final_Project/dd1_Final_Project.srcs/constrs_1/new/top.xdc]. These constraints will be ignored for synthesis but will be used in implementation. Impacted constraints are listed in the file [.Xil/top_control_unit_propImpl.xdc].
Resolution: To avoid this warning, move constraints listed in [.Xil/top_control_unit_propImpl.xdc] to another XDC file and exclude this new file from synthesis with the used_in_synthesis property (File Properties dialog in GUI) and re-run elaboration/synthesis.
Completed Processing XDC Constraints

Netlist sorting complete. Time (s): cpu = 00:00:00 ; elapsed = 00:00:00 . Memory (MB): peak = 1321.227 ; gain = 0.000
INFO: [Project 1-111] Unisim Transformation Summary:
No Unisim elements were transformed.

Constraint Validation Runtime : Time (s): cpu = 00:00:00 ; elapsed = 00:00:00.004 . Memory (MB): peak = 1321.227 ; gain = 0.000
INFO: [Designutils 20-5440] No compile time benefit to using incremental synthesis; A full resynthesis will be run
INFO: [Designutils 20-4379] Flow is switching to default flow due to incremental criteria not met. If you would like to alter this behaviour and have the flow terminate instead, please set the following parameter config_implementation {autoIncr.Synth.RejectBehavior Terminate}
---------------------------------------------------------------------------------
Finished Constraint Validation : Time (s): cpu = 00:00:14 ; elapsed = 00:00:15 . Memory (MB): peak = 1321.227 ; gain = 34.477
---------------------------------------------------------------------------------
---------------------------------------------------------------------------------
Start Loading Part and Timing Information
---------------------------------------------------------------------------------
Loading part: xc7a35tcpg236-1
---------------------------------------------------------------------------------
Finished Loading Part and Timing Information : Time (s): cpu = 00:00:14 ; elapsed = 00:00:15 . Memory (MB): peak = 1321.227 ; gain = 34.477
---------------------------------------------------------------------------------
---------------------------------------------------------------------------------
Start Applying 'set_property' XDC Constraints
---------------------------------------------------------------------------------
---------------------------------------------------------------------------------
Finished applying 'set_property' XDC Constraints : Time (s): cpu = 00:00:14 ; elapsed = 00:00:15 . Memory (MB): peak = 1321.227 ; gain = 34.477
---------------------------------------------------------------------------------
INFO: [Synth 8-802] inferred FSM for state register 'state_reg' in module 'top_control_unit'
---------------------------------------------------------------------------------------------------
                   State |                     New Encoding |                Previous Encoding 
---------------------------------------------------------------------------------------------------
                 iSTATE0 |                               00 |                               00
                  iSTATE |                               01 |                               01
                 iSTATE1 |                               10 |                               10
---------------------------------------------------------------------------------------------------
INFO: [Synth 8-3354] encoded FSM with state register 'state_reg' using encoding 'sequential' in module 'top_control_unit'
---------------------------------------------------------------------------------
Finished RTL Optimization Phase 2 : Time (s): cpu = 00:00:15 ; elapsed = 00:00:16 . Memory (MB): peak = 1321.227 ; gain = 34.477
---------------------------------------------------------------------------------
---------------------------------------------------------------------------------
Start RTL Component Statistics 
---------------------------------------------------------------------------------
Detailed RTL Component Info : 
+---Adders : 
	   2 Input   32 Bit       Adders := 5     
	   2 Input   20 Bit       Adders := 1     
	   2 Input    8 Bit       Adders := 2     
	   2 Input    4 Bit       Adders := 36    
	   2 Input    3 Bit       Adders := 1     
+---XORs : 
	   2 Input      1 Bit         XORs := 1     
+---Registers : 
	               32 Bit    Registers := 4     
	               20 Bit    Registers := 1     
	               16 Bit    Registers := 1     
	                8 Bit    Registers := 2     
	                4 Bit    Registers := 1     
	                3 Bit    Registers := 1     
	                1 Bit    Registers := 28    
+---Muxes : 
	   2 Input   32 Bit        Muxes := 4     
	   2 Input   20 Bit        Muxes := 1     
	   2 Input   16 Bit        Muxes := 3     
	   3 Input   16 Bit        Muxes := 1     
	   2 Input    8 Bit        Muxes := 4     
	   2 Input    7 Bit        Muxes := 2     
	   2 Input    4 Bit        Muxes := 39    
	   4 Input    4 Bit        Muxes := 2     
	   2 Input    3 Bit        Muxes := 1     
	   3 Input    2 Bit        Muxes := 1     
	   2 Input    2 Bit        Muxes := 1     
	   2 Input    1 Bit        Muxes := 5     
	   3 Input    1 Bit        Muxes := 1     
---------------------------------------------------------------------------------
Finished RTL Component Statistics 
---------------------------------------------------------------------------------
---------------------------------------------------------------------------------
Start Part Resource Summary
---------------------------------------------------------------------------------
Part Resources:
DSPs: 90 (col length:60)
BRAMs: 100 (col length: RAMB18 60 RAMB36 30)
---------------------------------------------------------------------------------
Finished Part Resource Summary
---------------------------------------------------------------------------------
---------------------------------------------------------------------------------
Start Cross Boundary and Area Optimization
---------------------------------------------------------------------------------
WARNING: [Synth 8-7080] Parallel synthesis criteria is not met
---------------------------------------------------------------------------------
Finished Cross Boundary and Area Optimization : Time (s): cpu = 00:00:23 ; elapsed = 00:00:24 . Memory (MB): peak = 1321.227 ; gain = 34.477
---------------------------------------------------------------------------------
---------------------------------------------------------------------------------
Start Applying XDC Timing Constraints
---------------------------------------------------------------------------------
---------------------------------------------------------------------------------
Finished Applying XDC Timing Constraints : Time (s): cpu = 00:00:28 ; elapsed = 00:00:29 . Memory (MB): peak = 1321.227 ; gain = 34.477
---------------------------------------------------------------------------------
---------------------------------------------------------------------------------
Start Timing Optimization
---------------------------------------------------------------------------------
---------------------------------------------------------------------------------
Finished Timing Optimization : Time (s): cpu = 00:00:28 ; elapsed = 00:00:29 . Memory (MB): peak = 1321.227 ; gain = 34.477
---------------------------------------------------------------------------------
---------------------------------------------------------------------------------
Start Technology Mapping
---------------------------------------------------------------------------------
---------------------------------------------------------------------------------
Finished Technology Mapping : Time (s): cpu = 00:00:28 ; elapsed = 00:00:30 . Memory (MB): peak = 1321.227 ; gain = 34.477
---------------------------------------------------------------------------------
---------------------------------------------------------------------------------
Start IO Insertion
---------------------------------------------------------------------------------
---------------------------------------------------------------------------------
Start Flattening Before IO Insertion
---------------------------------------------------------------------------------
---------------------------------------------------------------------------------
Finished Flattening Before IO Insertion
---------------------------------------------------------------------------------
---------------------------------------------------------------------------------
Start Final Netlist Cleanup
---------------------------------------------------------------------------------
---------------------------------------------------------------------------------
Finished Final Netlist Cleanup
---------------------------------------------------------------------------------
---------------------------------------------------------------------------------
Finished IO Insertion : Time (s): cpu = 00:00:33 ; elapsed = 00:00:35 . Memory (MB): peak = 1321.227 ; gain = 34.477
---------------------------------------------------------------------------------
---------------------------------------------------------------------------------
Start Renaming Generated Instances
---------------------------------------------------------------------------------
---------------------------------------------------------------------------------
Finished Renaming Generated Instances : Time (s): cpu = 00:00:33 ; elapsed = 00:00:35 . Memory (MB): peak = 1321.227 ; gain = 34.477
---------------------------------------------------------------------------------
---------------------------------------------------------------------------------
Start Rebuilding User Hierarchy
---------------------------------------------------------------------------------
---------------------------------------------------------------------------------
Finished Rebuilding User Hierarchy : Time (s): cpu = 00:00:33 ; elapsed = 00:00:35 . Memory (MB): peak = 1321.227 ; gain = 34.477
---------------------------------------------------------------------------------
---------------------------------------------------------------------------------
Start Renaming Generated Ports
---------------------------------------------------------------------------------
---------------------------------------------------------------------------------
Finished Renaming Generated Ports : Time (s): cpu = 00:00:33 ; elapsed = 00:00:35 . Memory (MB): peak = 1321.227 ; gain = 34.477
---------------------------------------------------------------------------------
---------------------------------------------------------------------------------
Start Handling Custom Attributes
---------------------------------------------------------------------------------
---------------------------------------------------------------------------------
Finished Handling Custom Attributes : Time (s): cpu = 00:00:33 ; elapsed = 00:00:35 . Memory (MB): peak = 1321.227 ; gain = 34.477
---------------------------------------------------------------------------------
---------------------------------------------------------------------------------
Start Renaming Generated Nets
---------------------------------------------------------------------------------
---------------------------------------------------------------------------------
Finished Renaming Generated Nets : Time (s): cpu = 00:00:33 ; elapsed = 00:00:35 . Memory (MB): peak = 1321.227 ; gain = 34.477
---------------------------------------------------------------------------------
---------------------------------------------------------------------------------
Start Writing Synthesis Report
---------------------------------------------------------------------------------

Report BlackBoxes: 
+-+--------------+----------+
| |BlackBox name |Instances |
+-+--------------+----------+
+-+--------------+----------+

Report Cell Usage: 
+------+-------+------+
|      |Cell   |Count |
+------+-------+------+
|1     |BUFG   |     1|
|2     |CARRY4 |    41|
|3     |LUT1   |     4|
|4     |LUT2   |    30|
|5     |LUT3   |    14|
|6     |LUT4   |    54|
|7     |LUT5   |   176|
|8     |LUT6   |   147|
|9     |FDCE   |   210|
|10    |FDRE   |     7|
|11    |IBUF   |    21|
|12    |OBUF   |    12|
+------+-------+------+
---------------------------------------------------------------------------------
Finished Writing Synthesis Report : Time (s): cpu = 00:00:33 ; elapsed = 00:00:35 . Memory (MB): peak = 1321.227 ; gain = 34.477
---------------------------------------------------------------------------------
Synthesis finished with 0 errors, 0 critical warnings and 1 warnings.
Synthesis Optimization Runtime : Time (s): cpu = 00:00:25 ; elapsed = 00:00:33 . Memory (MB): peak = 1321.227 ; gain = 0.000
Synthesis Optimization Complete : Time (s): cpu = 00:00:33 ; elapsed = 00:00:35 . Memory (MB): peak = 1321.227 ; gain = 34.477
INFO: [Project 1-571] Translating synthesized netlist
Netlist sorting complete. Time (s): cpu = 00:00:00 ; elapsed = 00:00:00.009 . Memory (MB): peak = 1321.227 ; gain = 0.000
INFO: [Netlist 29-17] Analyzing 41 Unisim elements for replacement
INFO: [Netlist 29-28] Unisim Transformation completed in 0 CPU seconds
INFO: [Project 1-570] Preparing netlist for logic optimization
INFO: [Opt 31-138] Pushed 0 inverter(s) to 0 load pin(s).
Netlist sorting complete. Time (s): cpu = 00:00:00 ; elapsed = 00:00:00 . Memory (MB): peak = 1321.227 ; gain = 0.000
INFO: [Project 1-111] Unisim Transformation Summary:
No Unisim elements were transformed.

Synth Design complete, checksum: f7201aee
INFO: [Common 17-83] Releasing license: Synthesis
45 Infos, 6 Warnings, 0 Critical Warnings and 0 Errors encountered.
synth_design completed successfully
synth_design: Time (s): cpu = 00:00:38 ; elapsed = 00:00:40 . Memory (MB): peak = 1321.227 ; gain = 34.477
INFO: [Common 17-1381] The checkpoint 'C:/Users/Kirollosfady/Downloads/8-8_SPM/dd1_Final_Project/dd1_Final_Project.runs/synth_1/top_control_unit.dcp' has been generated.
INFO: [runtcl-4] Executing : report_utilization -file top_control_unit_utilization_synth.rpt -pb top_control_unit_utilization_synth.pb
INFO: [Common 17-206] Exiting Vivado at Wed May 21 08:08:40 2025...
